This is pdfTeX, Version 3.141592653-2.6-1.40.26 (MiKTeX 24.4) (preloaded format=pdflatex 2024.9.27)  6 OCT 2024 00:01
entering extended mode
 restricted \write18 enabled.
 file:line:error style messages enabled.
 %&-line parsing enabled.
**"c:/Users/Usuario/Desktop/Git Repositories/IndexerSearchEngineProj/Documentation/ReportDocument.tex"
(c:/Users/Usuario/Desktop/Git Repositories/IndexerSearchEngineProj/Documentation/ReportDocument.tex
LaTeX2e <2024-06-01> patch level 2
L3 programming layer <2024-08-30>
(C:\Users\Usuario\AppData\Local\Programs\MiKTeX\tex/latex/base\article.cls
Document Class: article 2024/02/08 v1.4n Standard LaTeX document class
(C:\Users\Usuario\AppData\Local\Programs\MiKTeX\tex/latex/base\size10.clo
File: size10.clo 2024/02/08 v1.4n Standard LaTeX file (size option)
)
\c@part=\count194
\c@section=\count195
\c@subsection=\count196
\c@subsubsection=\count197
\c@paragraph=\count198
\c@subparagraph=\count199
\c@figure=\count266
\c@table=\count267
\abovecaptionskip=\skip49
\belowcaptionskip=\skip50
\bibindent=\dimen141
) (C:\Users\Usuario\AppData\Local\Programs\MiKTeX\tex/latex/geometry\geometry.sty
Package: geometry 2020/01/02 v5.9 Page Geometry
 (C:\Users\Usuario\AppData\Local\Programs\MiKTeX\tex/latex/graphics\keyval.sty
Package: keyval 2022/05/29 v1.15 key=value parser (DPC)
\KV@toks@=\toks17
) (C:\Users\Usuario\AppData\Local\Programs\MiKTeX\tex/generic/iftex\ifvtex.sty
Package: ifvtex 2019/10/25 v1.7 ifvtex legacy package. Use iftex instead.
 (C:\Users\Usuario\AppData\Local\Programs\MiKTeX\tex/generic/iftex\iftex.sty
Package: iftex 2022/02/03 v1.0f TeX engine tests
))
\Gm@cnth=\count268
\Gm@cntv=\count269
\c@Gm@tempcnt=\count270
\Gm@bindingoffset=\dimen142
\Gm@wd@mp=\dimen143
\Gm@odd@mp=\dimen144
\Gm@even@mp=\dimen145
\Gm@layoutwidth=\dimen146
\Gm@layoutheight=\dimen147
\Gm@layouthoffset=\dimen148
\Gm@layoutvoffset=\dimen149
\Gm@dimlist=\toks18
 (C:\Users\Usuario\AppData\Local\Programs\MiKTeX\tex/latex/geometry\geometry.cfg)) (C:\Users\Usuario\AppData\Local\Programs\MiKTeX\tex/latex/graphics\graphicx.sty
Package: graphicx 2021/09/16 v1.2d Enhanced LaTeX Graphics (DPC,SPQR)
 (C:\Users\Usuario\AppData\Local\Programs\MiKTeX\tex/latex/graphics\graphics.sty
Package: graphics 2024/05/23 v1.4g Standard LaTeX Graphics (DPC,SPQR)
 (C:\Users\Usuario\AppData\Local\Programs\MiKTeX\tex/latex/graphics\trig.sty
Package: trig 2023/12/02 v1.11 sin cos tan (DPC)
) (C:\Users\Usuario\AppData\Local\Programs\MiKTeX\tex/latex/graphics-cfg\graphics.cfg
File: graphics.cfg 2016/06/04 v1.11 sample graphics configuration
)
Package graphics Info: Driver file: pdftex.def on input line 106.
 (C:\Users\Usuario\AppData\Local\Programs\MiKTeX\tex/latex/graphics-def\pdftex.def
File: pdftex.def 2024/04/13 v1.2c Graphics/color driver for pdftex
))
\Gin@req@height=\dimen150
\Gin@req@width=\dimen151
) (C:\Users\Usuario\AppData\Local\Programs\MiKTeX\tex/latex/listings\listings.sty
\lst@mode=\count271
\lst@gtempboxa=\box52
\lst@token=\toks19
\lst@length=\count272
\lst@currlwidth=\dimen152
\lst@column=\count273
\lst@pos=\count274
\lst@lostspace=\dimen153
\lst@width=\dimen154
\lst@newlines=\count275
\lst@lineno=\count276
\lst@maxwidth=\dimen155
 (C:\Users\Usuario\AppData\Local\Programs\MiKTeX\tex/latex/listings\lstpatch.sty
File: lstpatch.sty 2024/05/25 1.10b (Carsten Heinz)
) (C:\Users\Usuario\AppData\Local\Programs\MiKTeX\tex/latex/listings\lstmisc.sty
File: lstmisc.sty 2024/05/25 1.10b (Carsten Heinz)
\c@lstnumber=\count277
\lst@skipnumbers=\count278
\lst@framebox=\box53
) (C:\Users\Usuario\AppData\Local\Programs\MiKTeX\tex/latex/listings\listings.cfg
File: listings.cfg 2024/05/25 1.10b listings configuration
))
Package: listings 2024/05/25 1.10b (Carsten Heinz)
 (C:\Users\Usuario\AppData\Local\Programs\MiKTeX\tex/latex/float\float.sty
Package: float 2001/11/08 v1.3d Float enhancements (AL)
\c@float@type=\count279
\float@exts=\toks20
\float@box=\box54
\@float@everytoks=\toks21
\@floatcapt=\box55
) (C:\Users\Usuario\AppData\Local\Programs\MiKTeX\tex/latex/psnfss\courier.sty
Package: courier 2020/03/25 PSNFSS-v9.3 (WaS) 
) (C:\Users\Usuario\AppData\Local\Programs\MiKTeX\tex/latex/tools\tabularx.sty
Package: tabularx 2023/12/11 v2.12a `tabularx' package (DPC)
 (C:\Users\Usuario\AppData\Local\Programs\MiKTeX\tex/latex/tools\array.sty
Package: array 2024/06/14 v2.6d Tabular extension package (FMi)
\col@sep=\dimen156
\ar@mcellbox=\box56
\extrarowheight=\dimen157
\NC@list=\toks22
\extratabsurround=\skip51
\backup@length=\skip52
\ar@cellbox=\box57
)
\TX@col@width=\dimen158
\TX@old@table=\dimen159
\TX@old@col=\dimen160
\TX@target=\dimen161
\TX@delta=\dimen162
\TX@cols=\count280
\TX@ftn=\toks23
) (C:\Users\Usuario\AppData\Local\Programs\MiKTeX\tex/latex/pgf/frontendlayer\tikz.sty (C:\Users\Usuario\AppData\Local\Programs\MiKTeX\tex/latex/pgf/basiclayer\pgf.sty (C:\Users\Usuario\AppData\Local\Programs\MiKTeX\tex/latex/pgf/utilities\pgfrcs.sty (C:\Users\Usuario\AppData\Local\Programs\MiKTeX\tex/generic/pgf/utilities\pgfutil-common.tex
\pgfutil@everybye=\toks24
\pgfutil@tempdima=\dimen163
\pgfutil@tempdimb=\dimen164
) (C:\Users\Usuario\AppData\Local\Programs\MiKTeX\tex/generic/pgf/utilities\pgfutil-latex.def
\pgfutil@abb=\box58
) (C:\Users\Usuario\AppData\Local\Programs\MiKTeX\tex/generic/pgf/utilities\pgfrcs.code.tex (C:\Users\Usuario\AppData\Local\Programs\MiKTeX\tex/generic/pgf\pgf.revision.tex)
Package: pgfrcs 2023-01-15 v3.1.10 (3.1.10)
))
Package: pgf 2023-01-15 v3.1.10 (3.1.10)
 (C:\Users\Usuario\AppData\Local\Programs\MiKTeX\tex/latex/pgf/basiclayer\pgfcore.sty (C:\Users\Usuario\AppData\Local\Programs\MiKTeX\tex/latex/pgf/systemlayer\pgfsys.sty (C:\Users\Usuario\AppData\Local\Programs\MiKTeX\tex/generic/pgf/systemlayer\pgfsys.code.tex
Package: pgfsys 2023-01-15 v3.1.10 (3.1.10)
 (C:\Users\Usuario\AppData\Local\Programs\MiKTeX\tex/generic/pgf/utilities\pgfkeys.code.tex
\pgfkeys@pathtoks=\toks25
\pgfkeys@temptoks=\toks26
 (C:\Users\Usuario\AppData\Local\Programs\MiKTeX\tex/generic/pgf/utilities\pgfkeyslibraryfiltered.code.tex
\pgfkeys@tmptoks=\toks27
))
\pgf@x=\dimen165
\pgf@y=\dimen166
\pgf@xa=\dimen167
\pgf@ya=\dimen168
\pgf@xb=\dimen169
\pgf@yb=\dimen170
\pgf@xc=\dimen171
\pgf@yc=\dimen172
\pgf@xd=\dimen173
\pgf@yd=\dimen174
\w@pgf@writea=\write3
\r@pgf@reada=\read2
\c@pgf@counta=\count281
\c@pgf@countb=\count282
\c@pgf@countc=\count283
\c@pgf@countd=\count284
\t@pgf@toka=\toks28
\t@pgf@tokb=\toks29
\t@pgf@tokc=\toks30
\pgf@sys@id@count=\count285
 (C:\Users\Usuario\AppData\Local\Programs\MiKTeX\tex/generic/pgf/systemlayer\pgf.cfg
File: pgf.cfg 2023-01-15 v3.1.10 (3.1.10)
)
Driver file for pgf: pgfsys-pdftex.def
 (C:\Users\Usuario\AppData\Local\Programs\MiKTeX\tex/generic/pgf/systemlayer\pgfsys-pdftex.def
File: pgfsys-pdftex.def 2023-01-15 v3.1.10 (3.1.10)
 (C:\Users\Usuario\AppData\Local\Programs\MiKTeX\tex/generic/pgf/systemlayer\pgfsys-common-pdf.def
File: pgfsys-common-pdf.def 2023-01-15 v3.1.10 (3.1.10)
))) (C:\Users\Usuario\AppData\Local\Programs\MiKTeX\tex/generic/pgf/systemlayer\pgfsyssoftpath.code.tex
File: pgfsyssoftpath.code.tex 2023-01-15 v3.1.10 (3.1.10)
\pgfsyssoftpath@smallbuffer@items=\count286
\pgfsyssoftpath@bigbuffer@items=\count287
) (C:\Users\Usuario\AppData\Local\Programs\MiKTeX\tex/generic/pgf/systemlayer\pgfsysprotocol.code.tex
File: pgfsysprotocol.code.tex 2023-01-15 v3.1.10 (3.1.10)
)) (C:\Users\Usuario\AppData\Local\Programs\MiKTeX\tex/latex/xcolor\xcolor.sty
Package: xcolor 2023/11/15 v3.01 LaTeX color extensions (UK)
 (C:\Users\Usuario\AppData\Local\Programs\MiKTeX\tex/latex/graphics-cfg\color.cfg
File: color.cfg 2016/01/02 v1.6 sample color configuration
)
Package xcolor Info: Driver file: pdftex.def on input line 274.
 (C:\Users\Usuario\AppData\Local\Programs\MiKTeX\tex/latex/graphics\mathcolor.ltx)
Package xcolor Info: Model `cmy' substituted by `cmy0' on input line 1350.
Package xcolor Info: Model `hsb' substituted by `rgb' on input line 1354.
Package xcolor Info: Model `RGB' extended on input line 1366.
Package xcolor Info: Model `HTML' substituted by `rgb' on input line 1368.
Package xcolor Info: Model `Hsb' substituted by `hsb' on input line 1369.
Package xcolor Info: Model `tHsb' substituted by `hsb' on input line 1370.
Package xcolor Info: Model `HSB' substituted by `hsb' on input line 1371.
Package xcolor Info: Model `Gray' substituted by `gray' on input line 1372.
Package xcolor Info: Model `wave' substituted by `hsb' on input line 1373.
) (C:\Users\Usuario\AppData\Local\Programs\MiKTeX\tex/generic/pgf/basiclayer\pgfcore.code.tex
Package: pgfcore 2023-01-15 v3.1.10 (3.1.10)
 (C:\Users\Usuario\AppData\Local\Programs\MiKTeX\tex/generic/pgf/math\pgfmath.code.tex (C:\Users\Usuario\AppData\Local\Programs\MiKTeX\tex/generic/pgf/math\pgfmathutil.code.tex) (C:\Users\Usuario\AppData\Local\Programs\MiKTeX\tex/generic/pgf/math\pgfmathparser.code.tex
\pgfmath@dimen=\dimen175
\pgfmath@count=\count288
\pgfmath@box=\box59
\pgfmath@toks=\toks31
\pgfmath@stack@operand=\toks32
\pgfmath@stack@operation=\toks33
) (C:\Users\Usuario\AppData\Local\Programs\MiKTeX\tex/generic/pgf/math\pgfmathfunctions.code.tex) (C:\Users\Usuario\AppData\Local\Programs\MiKTeX\tex/generic/pgf/math\pgfmathfunctions.basic.code.tex) (C:\Users\Usuario\AppData\Local\Programs\MiKTeX\tex/generic/pgf/math\pgfmathfunctions.trigonometric.code.tex) (C:\Users\Usuario\AppData\Local\Programs\MiKTeX\tex/generic/pgf/math\pgfmathfunctions.random.code.tex) (C:\Users\Usuario\AppData\Local\Programs\MiKTeX\tex/generic/pgf/math\pgfmathfunctions.comparison.code.tex) (C:\Users\Usuario\AppData\Local\Programs\MiKTeX\tex/generic/pgf/math\pgfmathfunctions.base.code.tex) (C:\Users\Usuario\AppData\Local\Programs\MiKTeX\tex/generic/pgf/math\pgfmathfunctions.round.code.tex) (C:\Users\Usuario\AppData\Local\Programs\MiKTeX\tex/generic/pgf/math\pgfmathfunctions.misc.code.tex) (C:\Users\Usuario\AppData\Local\Programs\MiKTeX\tex/generic/pgf/math\pgfmathfunctions.integerarithmetics.code.tex) (C:\Users\Usuario\AppData\Local\Programs\MiKTeX\tex/generic/pgf/math\pgfmathcalc.code.tex) (C:\Users\Usuario\AppData\Local\Programs\MiKTeX\tex/generic/pgf/math\pgfmathfloat.code.tex
\c@pgfmathroundto@lastzeros=\count289
)) (C:\Users\Usuario\AppData\Local\Programs\MiKTeX\tex/generic/pgf/math\pgfint.code.tex) (C:\Users\Usuario\AppData\Local\Programs\MiKTeX\tex/generic/pgf/basiclayer\pgfcorepoints.code.tex
File: pgfcorepoints.code.tex 2023-01-15 v3.1.10 (3.1.10)
\pgf@picminx=\dimen176
\pgf@picmaxx=\dimen177
\pgf@picminy=\dimen178
\pgf@picmaxy=\dimen179
\pgf@pathminx=\dimen180
\pgf@pathmaxx=\dimen181
\pgf@pathminy=\dimen182
\pgf@pathmaxy=\dimen183
\pgf@xx=\dimen184
\pgf@xy=\dimen185
\pgf@yx=\dimen186
\pgf@yy=\dimen187
\pgf@zx=\dimen188
\pgf@zy=\dimen189
) (C:\Users\Usuario\AppData\Local\Programs\MiKTeX\tex/generic/pgf/basiclayer\pgfcorepathconstruct.code.tex
File: pgfcorepathconstruct.code.tex 2023-01-15 v3.1.10 (3.1.10)
\pgf@path@lastx=\dimen190
\pgf@path@lasty=\dimen191
) (C:\Users\Usuario\AppData\Local\Programs\MiKTeX\tex/generic/pgf/basiclayer\pgfcorepathusage.code.tex
File: pgfcorepathusage.code.tex 2023-01-15 v3.1.10 (3.1.10)
\pgf@shorten@end@additional=\dimen192
\pgf@shorten@start@additional=\dimen193
) (C:\Users\Usuario\AppData\Local\Programs\MiKTeX\tex/generic/pgf/basiclayer\pgfcorescopes.code.tex
File: pgfcorescopes.code.tex 2023-01-15 v3.1.10 (3.1.10)
\pgfpic=\box60
\pgf@hbox=\box61
\pgf@layerbox@main=\box62
\pgf@picture@serial@count=\count290
) (C:\Users\Usuario\AppData\Local\Programs\MiKTeX\tex/generic/pgf/basiclayer\pgfcoregraphicstate.code.tex
File: pgfcoregraphicstate.code.tex 2023-01-15 v3.1.10 (3.1.10)
\pgflinewidth=\dimen194
) (C:\Users\Usuario\AppData\Local\Programs\MiKTeX\tex/generic/pgf/basiclayer\pgfcoretransformations.code.tex
File: pgfcoretransformations.code.tex 2023-01-15 v3.1.10 (3.1.10)
\pgf@pt@x=\dimen195
\pgf@pt@y=\dimen196
\pgf@pt@temp=\dimen197
) (C:\Users\Usuario\AppData\Local\Programs\MiKTeX\tex/generic/pgf/basiclayer\pgfcorequick.code.tex
File: pgfcorequick.code.tex 2023-01-15 v3.1.10 (3.1.10)
) (C:\Users\Usuario\AppData\Local\Programs\MiKTeX\tex/generic/pgf/basiclayer\pgfcoreobjects.code.tex
File: pgfcoreobjects.code.tex 2023-01-15 v3.1.10 (3.1.10)
) (C:\Users\Usuario\AppData\Local\Programs\MiKTeX\tex/generic/pgf/basiclayer\pgfcorepathprocessing.code.tex
File: pgfcorepathprocessing.code.tex 2023-01-15 v3.1.10 (3.1.10)
) (C:\Users\Usuario\AppData\Local\Programs\MiKTeX\tex/generic/pgf/basiclayer\pgfcorearrows.code.tex
File: pgfcorearrows.code.tex 2023-01-15 v3.1.10 (3.1.10)
\pgfarrowsep=\dimen198
) (C:\Users\Usuario\AppData\Local\Programs\MiKTeX\tex/generic/pgf/basiclayer\pgfcoreshade.code.tex
File: pgfcoreshade.code.tex 2023-01-15 v3.1.10 (3.1.10)
\pgf@max=\dimen199
\pgf@sys@shading@range@num=\count291
\pgf@shadingcount=\count292
) (C:\Users\Usuario\AppData\Local\Programs\MiKTeX\tex/generic/pgf/basiclayer\pgfcoreimage.code.tex
File: pgfcoreimage.code.tex 2023-01-15 v3.1.10 (3.1.10)
) (C:\Users\Usuario\AppData\Local\Programs\MiKTeX\tex/generic/pgf/basiclayer\pgfcoreexternal.code.tex
File: pgfcoreexternal.code.tex 2023-01-15 v3.1.10 (3.1.10)
\pgfexternal@startupbox=\box63
) (C:\Users\Usuario\AppData\Local\Programs\MiKTeX\tex/generic/pgf/basiclayer\pgfcorelayers.code.tex
File: pgfcorelayers.code.tex 2023-01-15 v3.1.10 (3.1.10)
) (C:\Users\Usuario\AppData\Local\Programs\MiKTeX\tex/generic/pgf/basiclayer\pgfcoretransparency.code.tex
File: pgfcoretransparency.code.tex 2023-01-15 v3.1.10 (3.1.10)
) (C:\Users\Usuario\AppData\Local\Programs\MiKTeX\tex/generic/pgf/basiclayer\pgfcorepatterns.code.tex
File: pgfcorepatterns.code.tex 2023-01-15 v3.1.10 (3.1.10)
) (C:\Users\Usuario\AppData\Local\Programs\MiKTeX\tex/generic/pgf/basiclayer\pgfcorerdf.code.tex
File: pgfcorerdf.code.tex 2023-01-15 v3.1.10 (3.1.10)
))) (C:\Users\Usuario\AppData\Local\Programs\MiKTeX\tex/generic/pgf/modules\pgfmoduleshapes.code.tex
File: pgfmoduleshapes.code.tex 2023-01-15 v3.1.10 (3.1.10)
\pgfnodeparttextbox=\box64
) (C:\Users\Usuario\AppData\Local\Programs\MiKTeX\tex/generic/pgf/modules\pgfmoduleplot.code.tex
File: pgfmoduleplot.code.tex 2023-01-15 v3.1.10 (3.1.10)
) (C:\Users\Usuario\AppData\Local\Programs\MiKTeX\tex/latex/pgf/compatibility\pgfcomp-version-0-65.sty
Package: pgfcomp-version-0-65 2023-01-15 v3.1.10 (3.1.10)
\pgf@nodesepstart=\dimen256
\pgf@nodesepend=\dimen257
) (C:\Users\Usuario\AppData\Local\Programs\MiKTeX\tex/latex/pgf/compatibility\pgfcomp-version-1-18.sty
Package: pgfcomp-version-1-18 2023-01-15 v3.1.10 (3.1.10)
)) (C:\Users\Usuario\AppData\Local\Programs\MiKTeX\tex/latex/pgf/utilities\pgffor.sty (C:\Users\Usuario\AppData\Local\Programs\MiKTeX\tex/latex/pgf/utilities\pgfkeys.sty (C:\Users\Usuario\AppData\Local\Programs\MiKTeX\tex/generic/pgf/utilities\pgfkeys.code.tex)) (C:\Users\Usuario\AppData\Local\Programs\MiKTeX\tex/latex/pgf/math\pgfmath.sty (C:\Users\Usuario\AppData\Local\Programs\MiKTeX\tex/generic/pgf/math\pgfmath.code.tex)) (C:\Users\Usuario\AppData\Local\Programs\MiKTeX\tex/generic/pgf/utilities\pgffor.code.tex
Package: pgffor 2023-01-15 v3.1.10 (3.1.10)
\pgffor@iter=\dimen258
\pgffor@skip=\dimen259
\pgffor@stack=\toks34
\pgffor@toks=\toks35
)) (C:\Users\Usuario\AppData\Local\Programs\MiKTeX\tex/generic/pgf/frontendlayer/tikz\tikz.code.tex
Package: tikz 2023-01-15 v3.1.10 (3.1.10)
 (C:\Users\Usuario\AppData\Local\Programs\MiKTeX\tex/generic/pgf/libraries\pgflibraryplothandlers.code.tex
File: pgflibraryplothandlers.code.tex 2023-01-15 v3.1.10 (3.1.10)
\pgf@plot@mark@count=\count293
\pgfplotmarksize=\dimen260
)
\tikz@lastx=\dimen261
\tikz@lasty=\dimen262
\tikz@lastxsaved=\dimen263
\tikz@lastysaved=\dimen264
\tikz@lastmovetox=\dimen265
\tikz@lastmovetoy=\dimen266
\tikzleveldistance=\dimen267
\tikzsiblingdistance=\dimen268
\tikz@figbox=\box65
\tikz@figbox@bg=\box66
\tikz@tempbox=\box67
\tikz@tempbox@bg=\box68
\tikztreelevel=\count294
\tikznumberofchildren=\count295
\tikznumberofcurrentchild=\count296
\tikz@fig@count=\count297
 (C:\Users\Usuario\AppData\Local\Programs\MiKTeX\tex/generic/pgf/modules\pgfmodulematrix.code.tex
File: pgfmodulematrix.code.tex 2023-01-15 v3.1.10 (3.1.10)
\pgfmatrixcurrentrow=\count298
\pgfmatrixcurrentcolumn=\count299
\pgf@matrix@numberofcolumns=\count300
)
\tikz@expandcount=\count301
 (C:\Users\Usuario\AppData\Local\Programs\MiKTeX\tex/generic/pgf/frontendlayer/tikz/libraries\tikzlibrarytopaths.code.tex
File: tikzlibrarytopaths.code.tex 2023-01-15 v3.1.10 (3.1.10)
))) (C:\Users\Usuario\AppData\Local\Programs\MiKTeX\tex/latex/url\url.sty
\Urlmuskip=\muskip17
Package: url 2013/09/16  ver 3.4  Verb mode for urls, etc.
) (C:\Users\Usuario\AppData\Local\Programs\MiKTeX\tex/latex/amsmath\amsmath.sty
Package: amsmath 2024/05/23 v2.17q AMS math features
\@mathmargin=\skip53

For additional information on amsmath, use the `?' option.
(C:\Users\Usuario\AppData\Local\Programs\MiKTeX\tex/latex/amsmath\amstext.sty
Package: amstext 2021/08/26 v2.01 AMS text
 (C:\Users\Usuario\AppData\Local\Programs\MiKTeX\tex/latex/amsmath\amsgen.sty
File: amsgen.sty 1999/11/30 v2.0 generic functions
\@emptytoks=\toks36
\ex@=\dimen269
)) (C:\Users\Usuario\AppData\Local\Programs\MiKTeX\tex/latex/amsmath\amsbsy.sty
Package: amsbsy 1999/11/29 v1.2d Bold Symbols
\pmbraise@=\dimen270
) (C:\Users\Usuario\AppData\Local\Programs\MiKTeX\tex/latex/amsmath\amsopn.sty
Package: amsopn 2022/04/08 v2.04 operator names
)
\inf@bad=\count302
LaTeX Info: Redefining \frac on input line 233.
\uproot@=\count303
\leftroot@=\count304
LaTeX Info: Redefining \overline on input line 398.
LaTeX Info: Redefining \colon on input line 409.
\classnum@=\count305
\DOTSCASE@=\count306
LaTeX Info: Redefining \ldots on input line 495.
LaTeX Info: Redefining \dots on input line 498.
LaTeX Info: Redefining \cdots on input line 619.
\Mathstrutbox@=\box69
\strutbox@=\box70
LaTeX Info: Redefining \big on input line 721.
LaTeX Info: Redefining \Big on input line 722.
LaTeX Info: Redefining \bigg on input line 723.
LaTeX Info: Redefining \Bigg on input line 724.
\big@size=\dimen271
LaTeX Font Info:    Redeclaring font encoding OML on input line 742.
LaTeX Font Info:    Redeclaring font encoding OMS on input line 743.
\macc@depth=\count307
LaTeX Info: Redefining \bmod on input line 904.
LaTeX Info: Redefining \pmod on input line 909.
LaTeX Info: Redefining \smash on input line 939.
LaTeX Info: Redefining \relbar on input line 969.
LaTeX Info: Redefining \Relbar on input line 970.
\c@MaxMatrixCols=\count308
\dotsspace@=\muskip18
\c@parentequation=\count309
\dspbrk@lvl=\count310
\tag@help=\toks37
\row@=\count311
\column@=\count312
\maxfields@=\count313
\andhelp@=\toks38
\eqnshift@=\dimen272
\alignsep@=\dimen273
\tagshift@=\dimen274
\tagwidth@=\dimen275
\totwidth@=\dimen276
\lineht@=\dimen277
\@envbody=\toks39
\multlinegap=\skip54
\multlinetaggap=\skip55
\mathdisplay@stack=\toks40
LaTeX Info: Redefining \[ on input line 2953.
LaTeX Info: Redefining \] on input line 2954.
) (C:\Users\Usuario\AppData\Local\Programs\MiKTeX\tex/latex/hyperref\hyperref.sty
Package: hyperref 2024-07-10 v7.01j Hypertext links for LaTeX
 (C:\Users\Usuario\AppData\Local\Programs\MiKTeX\tex/latex/kvsetkeys\kvsetkeys.sty
Package: kvsetkeys 2022-10-05 v1.19 Key value parser (HO)
) (C:\Users\Usuario\AppData\Local\Programs\MiKTeX\tex/generic/kvdefinekeys\kvdefinekeys.sty
Package: kvdefinekeys 2019-12-19 v1.6 Define keys (HO)
) (C:\Users\Usuario\AppData\Local\Programs\MiKTeX\tex/generic/pdfescape\pdfescape.sty
Package: pdfescape 2019/12/09 v1.15 Implements pdfTeX's escape features (HO)
 (C:\Users\Usuario\AppData\Local\Programs\MiKTeX\tex/generic/ltxcmds\ltxcmds.sty
Package: ltxcmds 2023-12-04 v1.26 LaTeX kernel commands for general use (HO)
) (C:\Users\Usuario\AppData\Local\Programs\MiKTeX\tex/generic/pdftexcmds\pdftexcmds.sty
Package: pdftexcmds 2020-06-27 v0.33 Utility functions of pdfTeX for LuaTeX (HO)
 (C:\Users\Usuario\AppData\Local\Programs\MiKTeX\tex/generic/infwarerr\infwarerr.sty
Package: infwarerr 2019/12/03 v1.5 Providing info/warning/error messages (HO)
)
Package pdftexcmds Info: \pdf@primitive is available.
Package pdftexcmds Info: \pdf@ifprimitive is available.
Package pdftexcmds Info: \pdfdraftmode found.
)) (C:\Users\Usuario\AppData\Local\Programs\MiKTeX\tex/latex/hycolor\hycolor.sty
Package: hycolor 2020-01-27 v1.10 Color options for hyperref/bookmark (HO)
) (C:\Users\Usuario\AppData\Local\Programs\MiKTeX\tex/latex/hyperref\nameref.sty
Package: nameref 2023-11-26 v2.56 Cross-referencing by name of section
 (C:\Users\Usuario\AppData\Local\Programs\MiKTeX\tex/latex/refcount\refcount.sty
Package: refcount 2019/12/15 v3.6 Data extraction from label references (HO)
) (C:\Users\Usuario\AppData\Local\Programs\MiKTeX\tex/generic/gettitlestring\gettitlestring.sty
Package: gettitlestring 2019/12/15 v1.6 Cleanup title references (HO)
 (C:\Users\Usuario\AppData\Local\Programs\MiKTeX\tex/latex/kvoptions\kvoptions.sty
Package: kvoptions 2022-06-15 v3.15 Key value format for package options (HO)
))
\c@section@level=\count314
) (C:\Users\Usuario\AppData\Local\Programs\MiKTeX\tex/latex/etoolbox\etoolbox.sty
Package: etoolbox 2020/10/05 v2.5k e-TeX tools for LaTeX (JAW)
\etb@tempcnta=\count315
) (C:\Users\Usuario\AppData\Local\Programs\MiKTeX\tex/generic/stringenc\stringenc.sty
Package: stringenc 2019/11/29 v1.12 Convert strings between diff. encodings (HO)
)
\@linkdim=\dimen278
\Hy@linkcounter=\count316
\Hy@pagecounter=\count317
 (C:\Users\Usuario\AppData\Local\Programs\MiKTeX\tex/latex/hyperref\pd1enc.def
File: pd1enc.def 2024-07-10 v7.01j Hyperref: PDFDocEncoding definition (HO)
Now handling font encoding PD1 ...
... no UTF-8 mapping file for font encoding PD1
) (C:\Users\Usuario\AppData\Local\Programs\MiKTeX\tex/generic/intcalc\intcalc.sty
Package: intcalc 2019/12/15 v1.3 Expandable calculations with integers (HO)
)
\Hy@SavedSpaceFactor=\count318
 (C:\Users\Usuario\AppData\Local\Programs\MiKTeX\tex/latex/hyperref\puenc.def
File: puenc.def 2024-07-10 v7.01j Hyperref: PDF Unicode definition (HO)
Now handling font encoding PU ...
... no UTF-8 mapping file for font encoding PU
)
Package hyperref Info: Hyper figures OFF on input line 4157.
Package hyperref Info: Link nesting OFF on input line 4162.
Package hyperref Info: Hyper index ON on input line 4165.
Package hyperref Info: Plain pages OFF on input line 4172.
Package hyperref Info: Backreferencing OFF on input line 4177.
Package hyperref Info: Implicit mode ON; LaTeX internals redefined.
Package hyperref Info: Bookmarks ON on input line 4424.
\c@Hy@tempcnt=\count319
LaTeX Info: Redefining \url on input line 4763.
\XeTeXLinkMargin=\dimen279
 (C:\Users\Usuario\AppData\Local\Programs\MiKTeX\tex/generic/bitset\bitset.sty
Package: bitset 2019/12/09 v1.3 Handle bit-vector datatype (HO)
 (C:\Users\Usuario\AppData\Local\Programs\MiKTeX\tex/generic/bigintcalc\bigintcalc.sty
Package: bigintcalc 2019/12/15 v1.5 Expandable calculations on big integers (HO)
))
\Fld@menulength=\count320
\Field@Width=\dimen280
\Fld@charsize=\dimen281
Package hyperref Info: Hyper figures OFF on input line 6042.
Package hyperref Info: Link nesting OFF on input line 6047.
Package hyperref Info: Hyper index ON on input line 6050.
Package hyperref Info: backreferencing OFF on input line 6057.
Package hyperref Info: Link coloring OFF on input line 6062.
Package hyperref Info: Link coloring with OCG OFF on input line 6067.
Package hyperref Info: PDF/A mode OFF on input line 6072.
 (C:\Users\Usuario\AppData\Local\Programs\MiKTeX\tex/latex/base\atbegshi-ltx.sty
Package: atbegshi-ltx 2021/01/10 v1.0c Emulation of the original atbegshi
package with kernel methods
)
\Hy@abspage=\count321
\c@Item=\count322
\c@Hfootnote=\count323
)
Package hyperref Info: Driver (autodetected): hpdftex.
 (C:\Users\Usuario\AppData\Local\Programs\MiKTeX\tex/latex/hyperref\hpdftex.def
File: hpdftex.def 2024-07-10 v7.01j Hyperref driver for pdfTeX
 (C:\Users\Usuario\AppData\Local\Programs\MiKTeX\tex/latex/base\atveryend-ltx.sty
Package: atveryend-ltx 2020/08/19 v1.0a Emulation of the original atveryend package
with kernel methods
)
\Fld@listcount=\count324
\c@bookmark@seq@number=\count325
 (C:\Users\Usuario\AppData\Local\Programs\MiKTeX\tex/latex/rerunfilecheck\rerunfilecheck.sty
Package: rerunfilecheck 2022-07-10 v1.10 Rerun checks for auxiliary files (HO)
 (C:\Users\Usuario\AppData\Local\Programs\MiKTeX\tex/generic/uniquecounter\uniquecounter.sty
Package: uniquecounter 2019/12/15 v1.4 Provide unlimited unique counter (HO)
)
Package uniquecounter Info: New unique counter `rerunfilecheck' on input line 285.
)
\Hy@SectionHShift=\skip56
) (C:\Users\Usuario\AppData\Local\Programs\MiKTeX\tex/latex/mnsymbol\MnSymbol.sty
Package: MnSymbol 2007/01/21 v1.4 support for the MnSymbol font
 (C:\Users\Usuario\AppData\Local\Programs\MiKTeX\tex/latex/base\textcomp.sty
Package: textcomp 2024/04/24 v2.1b Standard LaTeX package
) (C:\Users\Usuario\AppData\Local\Programs\MiKTeX\tex/latex/amsfonts\eufrak.sty
Package: eufrak 2009/06/22 v3.00 Euler Fraktur fonts
LaTeX Font Info:    Overwriting math alphabet `\EuFrak' in version `bold'
(Font)                  U/euf/m/n --> U/euf/b/n on input line 39.
)
LaTeX Info: Redefining \dagger on input line 84.
LaTeX Info: Redefining \ddagger on input line 84.
LaTeX Info: Redefining \mathparagraph on input line 84.
LaTeX Info: Redefining \mathsection on input line 84.
LaTeX Info: Redefining \mathdollar on input line 84.
LaTeX Info: Redefining \mathsterling on input line 84.
LaTeX Info: Redefining \Re on input line 84.
LaTeX Info: Redefining \Im on input line 84.
\symMnSyA=\mathgroup4
\symMnSyB=\mathgroup5
\symMnSyC=\mathgroup6
\symMnSyD=\mathgroup7
LaTeX Font Info:    Redeclaring symbol font `largesymbols' on input line 119.
LaTeX Font Info:    Overwriting symbol font `largesymbols' in version `normal'
(Font)                  OMX/cmex/m/n --> OMX/MnSymbolE/m/n on input line 119.
LaTeX Font Info:    Overwriting symbol font `largesymbols' in version `bold'
(Font)                  OMX/cmex/m/n --> OMX/MnSymbolE/m/n on input line 119.
LaTeX Font Info:    Redeclaring symbol font `symbols' on input line 120.
LaTeX Font Info:    Encoding `OMS' has changed to `U' for symbol font
(Font)              `symbols' in the math version `normal' on input line 120.
LaTeX Font Info:    Overwriting symbol font `symbols' in version `normal'
(Font)                  OMS/cmsy/m/n --> U/MnSymbolF/m/n on input line 120.
LaTeX Font Info:    Encoding `OMS' has changed to `U' for symbol font
(Font)              `symbols' in the math version `bold' on input line 120.
LaTeX Font Info:    Overwriting symbol font `symbols' in version `bold'
(Font)                  OMS/cmsy/b/n --> U/MnSymbolF/m/n on input line 120.
LaTeX Font Info:    Overwriting symbol font `MnSyA' in version `bold'
(Font)                  U/MnSymbolA/m/n --> U/MnSymbolA/b/n on input line 121.
LaTeX Font Info:    Overwriting symbol font `MnSyB' in version `bold'
(Font)                  U/MnSymbolB/m/n --> U/MnSymbolB/b/n on input line 122.
LaTeX Font Info:    Overwriting symbol font `MnSyC' in version `bold'
(Font)                  U/MnSymbolC/m/n --> U/MnSymbolC/b/n on input line 123.
LaTeX Font Info:    Overwriting symbol font `MnSyD' in version `bold'
(Font)                  U/MnSymbolD/m/n --> U/MnSymbolD/b/n on input line 124.
LaTeX Font Info:    Overwriting symbol font `largesymbols' in version `bold'
(Font)                  OMX/MnSymbolE/m/n --> OMX/MnSymbolE/b/n on input line 125.
LaTeX Font Info:    Overwriting symbol font `symbols' in version `bold'
(Font)                  U/MnSymbolF/m/n --> U/MnSymbolF/b/n on input line 126.
LaTeX Font Info:    Redeclaring math alphabet \mathcal on input line 241.
LaTeX Font Info:    Overwriting math alphabet `\mathcal' in version `bold'
(Font)                  OMS/MnSymbolS/m/n --> OMS/MnSymbolS/b/n on input line 241.
LaTeX Info: Redefining \longrightarrow on input line 548.
LaTeX Info: Redefining \longleftarrow on input line 549.
LaTeX Info: Redefining \longleftrightarrow on input line 550.
LaTeX Info: Redefining \Longrightarrow on input line 551.
LaTeX Info: Redefining \Longleftarrow on input line 552.
LaTeX Info: Redefining \Longleftrightarrow on input line 553.
LaTeX Info: Redefining \longmapsto on input line 554.
LaTeX Info: Redefining \vdots on input line 868.
LaTeX Font Info:    Redeclaring math symbol \braceld on input line 1721.
LaTeX Font Info:    Redeclaring math symbol \bracelu on input line 1722.
LaTeX Font Info:    Redeclaring math symbol \bracerd on input line 1723.
LaTeX Font Info:    Redeclaring math symbol \braceru on input line 1724.
LaTeX Info: Redefining \downbracefill on input line 1799.
LaTeX Info: Redefining \upbracefill on input line 1800.
LaTeX Info: Redefining \overbrace on input line 1819.
LaTeX Info: Redefining \underbrace on input line 1820.
LaTeX Info: Redefining \surd on input line 1843.
LaTeX Font Info:    Redeclaring math accent \widehat on input line 1845.
LaTeX Font Info:    Redeclaring math accent \widetilde on input line 1846.
LaTeX Font Info:    Redeclaring math accent \vec on input line 1848.
) (C:\Users\Usuario\AppData\Local\Programs\MiKTeX\tex/latex/tools\indentfirst.sty
Package: indentfirst 2023/07/02 v1.03 Indent first paragraph (DPC)
) (C:\Users\Usuario\AppData\Local\Programs\MiKTeX\tex/latex/l3backend\l3backend-pdftex.def
File: l3backend-pdftex.def 2024-05-08 L3 backend support: PDF output (pdfTeX)
\l__color_backend_stack_int=\count326
\l__pdf_internal_box=\box71
) (ReportDocument.aux)
\openout1 = `ReportDocument.aux'.

LaTeX Font Info:    Checking defaults for OML/cmm/m/it on input line 21.
LaTeX Font Info:    ... okay on input line 21.
LaTeX Font Info:    Checking defaults for OMS/cmsy/m/n on input line 21.
LaTeX Font Info:    ... okay on input line 21.
LaTeX Font Info:    Checking defaults for OT1/cmr/m/n on input line 21.
LaTeX Font Info:    ... okay on input line 21.
LaTeX Font Info:    Checking defaults for T1/cmr/m/n on input line 21.
LaTeX Font Info:    ... okay on input line 21.
LaTeX Font Info:    Checking defaults for TS1/cmr/m/n on input line 21.
LaTeX Font Info:    ... okay on input line 21.
LaTeX Font Info:    Checking defaults for OMX/cmex/m/n on input line 21.
LaTeX Font Info:    ... okay on input line 21.
LaTeX Font Info:    Checking defaults for U/cmr/m/n on input line 21.
LaTeX Font Info:    ... okay on input line 21.
LaTeX Font Info:    Checking defaults for PD1/pdf/m/n on input line 21.
LaTeX Font Info:    ... okay on input line 21.
LaTeX Font Info:    Checking defaults for PU/pdf/m/n on input line 21.
LaTeX Font Info:    ... okay on input line 21.

*geometry* driver: auto-detecting
*geometry* detected driver: pdftex
*geometry* verbose mode - [ preamble ] result:
* driver: pdftex
* paper: a4paper
* layout: <same size as paper>
* layoutoffset:(h,v)=(0.0pt,0.0pt)
* modes: 
* h-part:(L,W,R)=(72.26999pt, 452.9679pt, 72.26999pt)
* v-part:(T,H,B)=(72.26999pt, 700.50687pt, 72.26999pt)
* \paperwidth=597.50787pt
* \paperheight=845.04684pt
* \textwidth=452.9679pt
* \textheight=700.50687pt
* \oddsidemargin=0.0pt
* \evensidemargin=0.0pt
* \topmargin=-37.0pt
* \headheight=12.0pt
* \headsep=25.0pt
* \topskip=10.0pt
* \footskip=30.0pt
* \marginparwidth=65.0pt
* \marginparsep=11.0pt
* \columnsep=10.0pt
* \skip\footins=9.0pt plus 4.0pt minus 2.0pt
* \hoffset=0.0pt
* \voffset=0.0pt
* \mag=1000
* \@twocolumnfalse
* \@twosidefalse
* \@mparswitchfalse
* \@reversemarginfalse
* (1in=72.27pt=25.4mm, 1cm=28.453pt)

(C:\Users\Usuario\AppData\Local\Programs\MiKTeX\tex/context/base/mkii\supp-pdf.mkii
[Loading MPS to PDF converter (version 2006.09.02).]
\scratchcounter=\count327
\scratchdimen=\dimen282
\scratchbox=\box72
\nofMPsegments=\count328
\nofMParguments=\count329
\everyMPshowfont=\toks41
\MPscratchCnt=\count330
\MPscratchDim=\dimen283
\MPnumerator=\count331
\makeMPintoPDFobject=\count332
\everyMPtoPDFconversion=\toks42
) (C:\Users\Usuario\AppData\Local\Programs\MiKTeX\tex/latex/epstopdf-pkg\epstopdf-base.sty
Package: epstopdf-base 2020-01-24 v2.11 Base part for package epstopdf
Package epstopdf-base Info: Redefining graphics rule for `.eps' on input line 485.
 (C:\Users\Usuario\AppData\Local\Programs\MiKTeX\tex/latex/00miktex\epstopdf-sys.cfg
File: epstopdf-sys.cfg 2021/03/18 v2.0 Configuration of epstopdf for MiKTeX
))
\c@lstlisting=\count333
Package hyperref Info: Link coloring OFF on input line 21.
 (ReportDocument.out) (ReportDocument.out)
\@outlinefile=\write4
\openout4 = `ReportDocument.out'.

 (ReportDocument.toc)
\tf@toc=\write5
\openout5 = `ReportDocument.toc'.

<Image_OriginalClassDiagram.jpeg, id=91, 1400.23125pt x 1113.15875pt>
File: Image_OriginalClassDiagram.jpeg Graphic file (type jpg)
<use Image_OriginalClassDiagram.jpeg>
Package pdftex.def Info: Image_OriginalClassDiagram.jpeg  used on input line 28.
(pdftex.def)             Requested size: 226.48395pt x 180.04538pt.
<Image_UpdatedClassDiagram.png, id=92, 4015.0pt x 879.285pt>
File: Image_UpdatedClassDiagram.png Graphic file (type png)
<use Image_UpdatedClassDiagram.png>
Package pdftex.def Info: Image_UpdatedClassDiagram.png  used on input line 35.
(pdftex.def)             Requested size: 452.9679pt x 99.19034pt.


[1

{C:/Users/Usuario/AppData/Local/MiKTeX/fonts/map/pdftex/pdftex.map} <./Image_OriginalClassDiagram.jpeg>]
LaTeX Font Info:    Trying to load font information for OT1+pcr on input line 47.
 (C:\Users\Usuario\AppData\Local\Programs\MiKTeX\tex/latex/psnfss\ot1pcr.fd
File: ot1pcr.fd 2001/06/04 font definitions for OT1/pcr.
)

[2{C:/Users/Usuario/AppData/Local/Programs/MiKTeX/fonts/enc/dvips/mnsymbol/MnSymbolD.enc}{C:/Users/Usuario/AppData/Local/Programs/MiKTeX/fonts/enc/dvips/base/8r.enc} <./Image_UpdatedClassDiagram.png (PNG copy)>] (C:\Users\Usuario\AppData\Local\Programs\MiKTeX\tex/latex/listings\lstlang1.sty
File: lstlang1.sty 2024/05/25 1.10b listings language file
) (C:\Users\Usuario\AppData\Local\Programs\MiKTeX\tex/latex/listings\lstmisc.sty
File: lstmisc.sty 2024/05/25 1.10b (Carsten Heinz)
)
LaTeX Font Info:    Font shape `OT1/pcr/m/it' in size <10> not available
(Font)              Font shape `OT1/pcr/m/sl' tried instead on input line 122.


[3]

[4{C:/Users/Usuario/AppData/Local/Programs/MiKTeX/fonts/enc/dvips/mnsymbol/MnSymbolE.enc}{C:/Users/Usuario/AppData/Local/Programs/MiKTeX/fonts/enc/dvips/mnsymbol/MnSymbolC.enc}{C:/Users/Usuario/AppData/Local/Programs/MiKTeX/fonts/enc/dvips/mnsymbol/MnSymbolF.enc}]
<Image_CosineSimilarity.png, id=172, 1397.22pt x 354.57469pt>
File: Image_CosineSimilarity.png Graphic file (type png)
<use Image_CosineSimilarity.png>
Package pdftex.def Info: Image_CosineSimilarity.png  used on input line 162.
(pdftex.def)             Requested size: 452.9679pt x 114.94865pt.
<Image_EuclideanSimilarity.png, id=176, 633.11531pt x 438.13687pt>
File: Image_EuclideanSimilarity.png Graphic file (type png)
<use Image_EuclideanSimilarity.png>
Package pdftex.def Info: Image_EuclideanSimilarity.png  used on input line 168.
(pdftex.def)             Requested size: 362.37569pt x 250.78352pt.


[5 <./Image_CosineSimilarity.png> <./Image_EuclideanSimilarity.png>]

[6]

[7] (ReportDocument.aux)
 ***********
LaTeX2e <2024-06-01> patch level 2
L3 programming layer <2024-08-30>
 ***********
Package rerunfilecheck Info: File `ReportDocument.out' has not changed.
(rerunfilecheck)             Checksum: 1ACF904EEDAD68005DB441A89DE293C0;3051.
 ) 
Here is how much of TeX's memory you used:
 24983 strings out of 473899
 444048 string characters out of 5725556
 985035 words of memory out of 5000000
 47376 multiletter control sequences out of 15000+600000
 576759 words of font info for 97 fonts, out of 8000000 for 9000
 1141 hyphenation exceptions out of 8191
 84i,8n,93p,1004b,1280s stack positions out of 10000i,1000n,20000p,200000b,200000s
 <C:\Users\Usuario\AppData\Local\MiKTeX\fonts/pk/ljfour/jknappen/ec/dpi600\tcrm1000.pk><C:/Users/Usuario/AppData/Local/Programs/MiKTeX/fonts/type1/public/mnsymbol/MnSymbol10.pfb><C:/Users/Usuario/AppData/Local/Programs/MiKTeX/fonts/type1/public/mnsymbol/MnSymbol5.pfb><C:/Users/Usuario/AppData/Local/Programs/MiKTeX/fonts/type1/public/mnsymbol/MnSymbol7.pfb><C:/Users/Usuario/AppData/Local/Programs/MiKTeX/fonts/type1/public/amsfonts/cm/cmbx10.pfb><C:/Users/Usuario/AppData/Local/Programs/MiKTeX/fonts/type1/public/amsfonts/cm/cmbx12.pfb><C:/Users/Usuario/AppData/Local/Programs/MiKTeX/fonts/type1/public/amsfonts/cm/cmmi10.pfb><C:/Users/Usuario/AppData/Local/Programs/MiKTeX/fonts/type1/public/amsfonts/cm/cmmi7.pfb><C:/Users/Usuario/AppData/Local/Programs/MiKTeX/fonts/type1/public/amsfonts/cm/cmr10.pfb><C:/Users/Usuario/AppData/Local/Programs/MiKTeX/fonts/type1/public/amsfonts/cm/cmr12.pfb><C:/Users/Usuario/AppData/Local/Programs/MiKTeX/fonts/type1/public/amsfonts/cm/cmr17.pfb><C:/Users/Usuario/AppData/Local/Programs/MiKTeX/fonts/type1/public/amsfonts/cm/cmr6.pfb><C:/Users/Usuario/AppData/Local/Programs/MiKTeX/fonts/type1/public/amsfonts/cm/cmr7.pfb><C:/Users/Usuario/AppData/Local/Programs/MiKTeX/fonts/type1/public/amsfonts/cm/cmr8.pfb><C:/Users/Usuario/AppData/Local/Programs/MiKTeX/fonts/type1/public/amsfonts/cm/cmti10.pfb><C:/Users/Usuario/AppData/Local/Programs/MiKTeX/fonts/type1/urw/courier/ucrb8a.pfb><C:/Users/Usuario/AppData/Local/Programs/MiKTeX/fonts/type1/urw/courier/ucrr8a.pfb><C:/Users/Usuario/AppData/Local/Programs/MiKTeX/fonts/type1/urw/courier/ucrro8a.pfb>
Output written on ReportDocument.pdf (7 pages, 859412 bytes).
PDF statistics:
 309 PDF objects out of 1000 (max. 8388607)
 72 named destinations out of 1000 (max. 500000)
 169 words of extra memory for PDF output out of 10000 (max. 10000000)

